<?xml version="1.0" encoding="UTF-8"?>
<!-- Generated by org.testng.reporters.JUnitReportReporter -->
<testsuite hostname="MohamedAli" failures="0" tests="1" name="com.automationExerciceWebsiteProject.Test.AddProductsInCartTest" time="18.958" errors="0" timestamp="2022-12-09T10:21:41 CET" skipped="0">
  <testcase classname="com.automationExerciceWebsiteProject.Test.AddProductsInCartTest" name="addProductsInCart" time="18.958"/>
  <system-out/>
</testsuite> <!-- com.automationExerciceWebsiteProject.Test.AddProductsInCartTest -->
