<?xml version="1.0" encoding="UTF-8"?>
<!-- Generated by org.testng.reporters.JUnitReportReporter -->
<testsuite hostname="MohamedAli" failures="0" tests="1" name="com.automationExerciceWebsiteProject.Test.AddToCartFromRecommendedItemsTest" time="22.014" errors="0" timestamp="2022-12-16T13:22:37 CET" skipped="0">
  <testcase classname="com.automationExerciceWebsiteProject.Test.AddToCartFromRecommendedItemsTest" name="addToCartFromRecommendedItems" time="22.014"/>
  <system-out/>
</testsuite> <!-- com.automationExerciceWebsiteProject.Test.AddToCartFromRecommendedItemsTest -->
