<?xml version="1.0" encoding="UTF-8"?>
<!-- Generated by org.testng.reporters.JUnitReportReporter -->
<testsuite hostname="MohamedAli" failures="0" tests="1" name="com.automationExerciceWebsiteProject.Test.LoginUserWithIncorrectEmailAndPassword" time="34.441" errors="0" timestamp="2022-12-01T14:09:21 CET" skipped="0">
  <testcase classname="com.automationExerciceWebsiteProject.Test.LoginUserWithIncorrectEmailAndPassword" name="loginWithInvalidCredential" time="34.441"/>
  <system-out/>
</testsuite> <!-- com.automationExerciceWebsiteProject.Test.LoginUserWithIncorrectEmailAndPassword -->
