<?xml version="1.0" encoding="UTF-8"?>
<!-- Generated by org.testng.reporters.JUnitReportReporter -->
<testsuite hostname="MohamedAli" failures="0" tests="1" name="com.automationExerciceWebsiteProject.Test.AddProductsInCartTest" time="18.809" errors="0" timestamp="2022-12-08T12:10:43 CET" skipped="0">
  <testcase classname="com.automationExerciceWebsiteProject.Test.AddProductsInCartTest" name="addProductsInCart" time="18.809"/>
  <system-out/>
</testsuite> <!-- com.automationExerciceWebsiteProject.Test.AddProductsInCartTest -->
