<?xml version="1.0" encoding="UTF-8"?>
<!-- Generated by org.testng.reporters.JUnitReportReporter -->
<testsuite hostname="MohamedAli" failures="0" tests="1" name="com.automationExerciceWebsiteProject.Test.ContactUsFormTest" time="52.519" errors="0" timestamp="2022-12-06T13:19:30 CET" skipped="0">
  <testcase classname="com.automationExerciceWebsiteProject.Test.ContactUsFormTest" name="contactUsForm" time="52.519"/>
  <system-out/>
</testsuite> <!-- com.automationExerciceWebsiteProject.Test.ContactUsFormTest -->
