<?xml version="1.0" encoding="UTF-8"?>
<!-- Generated by org.testng.reporters.JUnitReportReporter -->
<testsuite hostname="MohamedAli" failures="0" tests="1" name="com.automationExerciceWebsiteProject.Test.PlaceOrderRegisterWhileCheckoutTest" time="192.057" errors="0" timestamp="2022-12-13T08:11:13 CET" skipped="0">
  <testcase classname="com.automationExerciceWebsiteProject.Test.PlaceOrderRegisterWhileCheckoutTest" name="placeOrderRegisterWhileCheckout" time="192.057"/>
  <system-out/>
</testsuite> <!-- com.automationExerciceWebsiteProject.Test.PlaceOrderRegisterWhileCheckoutTest -->
