<?xml version="1.0" encoding="UTF-8"?>
<!-- Generated by org.testng.reporters.JUnitReportReporter -->
<testsuite hostname="MohamedAli" failures="0" tests="1" name="com.automationExerciceWebsiteProject.Test.LogoutUserTest" time="25.147" errors="0" timestamp="2022-12-06T13:19:30 CET" skipped="0">
  <testcase classname="com.automationExerciceWebsiteProject.Test.LogoutUserTest" name="logout" time="25.147"/>
  <system-out/>
</testsuite> <!-- com.automationExerciceWebsiteProject.Test.LogoutUserTest -->
