<?xml version="1.0" encoding="UTF-8"?>
<!-- Generated by org.testng.reporters.JUnitReportReporter -->
<testsuite hostname="MohamedAli" failures="0" tests="1" name="com.automationExerciceWebsiteProject.Test.RegisterUserTest" time="97.823" errors="0" timestamp="2022-11-24T16:19:44 CET" skipped="0">
  <testcase classname="com.automationExerciceWebsiteProject.Test.RegisterUserTest" name="registration" time="97.823"/>
  <system-out/>
</testsuite> <!-- com.automationExerciceWebsiteProject.Test.RegisterUserTest -->
