<?xml version="1.0" encoding="UTF-8"?>
<!-- Generated by org.testng.reporters.JUnitReportReporter -->
<testsuite hostname="MohamedAli" failures="0" tests="1" name="com.automationExerciceWebsiteProject.Test.VerifyProductQuantityInCartTest" time="20.024" errors="0" timestamp="2022-12-09T11:08:20 CET" skipped="0">
  <testcase classname="com.automationExerciceWebsiteProject.Test.VerifyProductQuantityInCartTest" name="verifyProductQuantityInCart" time="20.024"/>
  <system-out/>
</testsuite> <!-- com.automationExerciceWebsiteProject.Test.VerifyProductQuantityInCartTest -->
