<?xml version="1.0" encoding="UTF-8"?>
<!-- Generated by org.testng.reporters.JUnitReportReporter -->
<testsuite hostname="MohamedAli" failures="0" tests="1" name="com.automationExerciceWebsiteProject.Test.SearchProductTest" time="137.643" errors="0" timestamp="2022-12-14T10:42:56 CET" skipped="0">
  <testcase classname="com.automationExerciceWebsiteProject.Test.SearchProductTest" name="searchProduct" time="137.643"/>
  <system-out/>
</testsuite> <!-- com.automationExerciceWebsiteProject.Test.SearchProductTest -->
