<?xml version="1.0" encoding="UTF-8"?>
<!-- Generated by org.testng.reporters.JUnitReportReporter -->
<testsuite hostname="MohamedAli" failures="0" tests="1" name="com.automationExerciceWebsiteProject.Test.RegisterUserTest" time="25.740" errors="0" timestamp="2022-12-01T11:17:21 CET" skipped="0">
  <testcase classname="com.automationExerciceWebsiteProject.Test.RegisterUserTest" name="registration" time="25.740"/>
  <system-out/>
</testsuite> <!-- com.automationExerciceWebsiteProject.Test.RegisterUserTest -->
