<?xml version="1.0" encoding="UTF-8"?>
<!-- Generated by org.testng.reporters.JUnitReportReporter -->
<testsuite hostname="MohamedAli" failures="0" tests="1" name="com.automationExerciceWebsiteProject.Test.SearchProductTest" time="15.709" errors="0" timestamp="2022-12-08T07:48:12 CET" skipped="0">
  <testcase classname="com.automationExerciceWebsiteProject.Test.SearchProductTest" name="searchProduct" time="15.709"/>
  <system-out/>
</testsuite> <!-- com.automationExerciceWebsiteProject.Test.SearchProductTest -->
