<?xml version="1.0" encoding="UTF-8"?>
<!-- Generated by org.testng.reporters.JUnitReportReporter -->
<testsuite hostname="MohamedAli" failures="0" tests="1" name="com.automationExerciceWebsiteProject.Test.SearchProductsAndVerifyCartAfterLoginTest" time="273.305" errors="0" timestamp="2022-12-14T12:22:52 CET" skipped="0">
  <testcase classname="com.automationExerciceWebsiteProject.Test.SearchProductsAndVerifyCartAfterLoginTest" name="searchProductsAndVerifyCartAfterLogin" time="273.305"/>
  <system-out/>
</testsuite> <!-- com.automationExerciceWebsiteProject.Test.SearchProductsAndVerifyCartAfterLoginTest -->
