<?xml version="1.0" encoding="UTF-8"?>
<!-- Generated by org.testng.reporters.JUnitReportReporter -->
<testsuite hostname="MohamedAli" failures="0" tests="1" name="com.automationExerciceWebsiteProject.Test.AddReviewOnProductTest" time="62.021" errors="0" timestamp="2022-12-15T12:28:35 CET" skipped="0">
  <testcase classname="com.automationExerciceWebsiteProject.Test.AddReviewOnProductTest" name="addReviewOnProduct" time="62.021"/>
  <system-out/>
</testsuite> <!-- com.automationExerciceWebsiteProject.Test.AddReviewOnProductTest -->
