<?xml version="1.0" encoding="UTF-8"?>
<!-- Generated by org.testng.reporters.JUnitReportReporter -->
<testsuite hostname="MohamedAli" failures="0" tests="1" name="com.automationExerciceWebsiteProject.Test.VerifyAllProductsAndProductDetailpageTest" time="15.941" errors="0" timestamp="2022-12-06T13:19:30 CET" skipped="0">
  <testcase classname="com.automationExerciceWebsiteProject.Test.VerifyAllProductsAndProductDetailpageTest" name="verifyAllProductsAndProductDetailpage" time="15.941"/>
  <system-out/>
</testsuite> <!-- com.automationExerciceWebsiteProject.Test.VerifyAllProductsAndProductDetailpageTest -->
