<?xml version="1.0" encoding="UTF-8"?>
<!-- Generated by org.testng.reporters.JUnitReportReporter -->
<testsuite hostname="MohamedAli" failures="0" tests="1" name="com.automationExerciceWebsiteProject.Test.ViewCategoryProductsTest" time="120.418" errors="0" timestamp="2022-12-14T08:29:15 CET" skipped="0">
  <testcase classname="com.automationExerciceWebsiteProject.Test.ViewCategoryProductsTest" name="viewCategoryProducts" time="120.418"/>
  <system-out/>
</testsuite> <!-- com.automationExerciceWebsiteProject.Test.ViewCategoryProductsTest -->
